<?xml version="1.0" encoding="utf-8"?><testsuites name="pytest tests"><testsuite name="pytest" errors="2" failures="21" skipped="0" tests="491" time="108.817" timestamp="2026-08-18T13:09:24.282606+08:00" hostname="DESKTOP-17J1L13"><testcase classname="" name="tests.phase7-order2.backend.test" time="0.000"><error message="collection failure">E   subprocess.CalledProcessError: Command '['C:/Users/Administrator/.workbuddy/binaries/node/versions/22.22.2/node.exe', '-e', "const z = require('G:\\\\xiao6\\\\xiao6-ui\\\\zz-events.js'); console.log(JSON.stringify(z.names().sort()));"]' returned non-zero exit status 1.</error></testcase><testcase classname="" name="tests.phase7-order3.backend.test" time="0.000"><error message="collection failure">E   subprocess.CalledProcessError: Command '['C:/Users/Administrator/.workbuddy/binaries/node/versions/22.22.2/node.exe', '-e', "const z = require('G:\\\\xiao6\\\\xiao6-ui\\\\zz-events.js'); console.log(JSON.stringify(z.names().sort()));"]' returned non-zero exit status 1.</error></testcase><testcase classname="tests.phase40-capability-foundation.test" name="test_A_registry_uniqueness" time="0.121" /><testcase classname="tests.phase40-capability-foundation.test" name="test_B_mapping" time="0.001" /><testcase classname="tests.phase40-capability-foundation.test" name="test_C_permission_consistency" time="0.001" /><testcase classname="tests.phase40-capability-foundation.test" name="test_D_implemented_vs_executor" time="0.001" /><testcase classname="tests.phase40-capability-foundation.test" name="test_E_runtime_verification" time="0.001" /><testcase classname="tests.phase40-capability-foundation.test" name="test_F_execution_lifecycle" time="0.001" /><testcase classname="tests.phase40-capability-foundation.test" name="test_G_eventbus" time="0.001" /><testcase classname="tests.phase40-capability-foundation.test" name="test_H_ui_contract" time="0.002" /><testcase classname="tests.phase40-capability-foundation.test" name="test_I_registry_closure" time="1.189" /><testcase classname="tests.phase40-capability-foundation.test" name="test_J_tools_no_regression" time="0.001" /><testcase classname="tests.phase41-mcp-browser.test" name="test_A_config_security" time="0.001" /><testcase classname="tests.phase41-mcp-browser.test" name="test_B_transport_protocol" time="0.056" /><testcase classname="tests.phase41-mcp-browser.test" name="test_C_host_manager" time="0.042" /><testcase classname="tests.phase41-mcp-browser.test" name="test_D_capability_adapter" time="0.056" /><testcase classname="tests.phase41-mcp-browser.test" name="test_E_permission_routing" time="0.039" /><testcase classname="tests.phase41-mcp-browser.test" name="test_F_failure_handling" time="3.009" /><testcase classname="tests.phase41-mcp-browser.test" name="test_G_real_playwright" time="2.791" /><testcase classname="tests.phase41-mcp-browser.test" name="test_H_I_ai_browser_chains" time="2.744" /><testcase classname="tests.phase41-mcp-browser.test" name="test_J_foundation_view" time="0.048" /><testcase classname="tests.phase41-mcp-browser.test" name="test_K_verification_criteria" time="0.010" /><testcase classname="tests.phase41-mcp-browser.test" name="test_L_reality_ABEF" time="0.040" /><testcase classname="tests.phase8-mvp.backend.test" name="test_uia" time="0.002" /><testcase classname="tests.phase8-mvp.backend.test" name="test_ocr" time="0.001" /><testcase classname="tests.phase8-mvp.backend.test" name="test_vision" time="0.001" /><testcase classname="tests.phase8-mvp.backend.test" name="test_fusion" time="0.001" /><testcase classname="tests.phase8-mvp.backend.test" name="test_runtime" time="0.259" /><testcase classname="tests.phase8-mvp.backend.test" name="test_runtime_safety" time="0.230" /><testcase classname="tests.phase8-mvp.backend.test" name="test_observe" time="0.232" /><testcase classname="tests.phase8-mvp.backend.test" name="test_verification" time="0.238" /><testcase classname="tests.phase8-mvp.backend.test" name="test_contract" time="0.001"><failure message="AssertionError: DOMAIN 应为 72，实得 78">E   AssertionError: DOMAIN 应为 72，实得 78</failure></testcase><testcase classname="tests.phase8-mvp.backend.test" name="test_mock" time="0.001" /><testcase classname="tests.phase8-mvp.backend.test" name="test_scope" time="0.003" /><testcase classname="tests.phase8-order1.backend.test" name="test_frame_dto" time="0.001" /><testcase classname="tests.phase8-order1.backend.test" name="test_requests" time="0.001" /><testcase classname="tests.phase8-order1.backend.test" name="test_mock_provider" time="0.054" /><testcase classname="tests.phase8-order1.backend.test" name="test_runtime_captured" time="0.233" /><testcase classname="tests.phase8-order1.backend.test" name="test_runtime_failed" time="0.001" /><testcase classname="tests.phase8-order1.backend.test" name="test_static_scope" time="0.002" /><testcase classname="tests.phase8-order1.backend.test" name="test_contract" time="0.001"><failure message="AssertionError">E   AssertionError</failure></testcase><testcase classname="tests.phase8-order1.backend.test" name="test_publish_unknown_rejected" time="0.001" /><testcase classname="tests.phase8_5_phase9_backend_test.TestProactiveEngineDecision" name="test_ask_mode_stalled_suggests" time="0.001" /><testcase classname="tests.phase8_5_phase9_backend_test.TestProactiveEngineDecision" name="test_auto_mode_stalled_creates_goal" time="0.002" /><testcase classname="tests.phase8_5_phase9_backend_test.TestProactiveEngineDecision" name="test_decide_is_pure_no_side_effect_imports" time="0.002" /><testcase classname="tests.phase8_5_phase9_backend_test.TestProactiveEngineDecision" name="test_error_notifies_high" time="0.001" /><testcase classname="tests.phase8_5_phase9_backend_test.TestProactiveEngineDecision" name="test_goal_deadline_notifies" time="0.001" /><testcase classname="tests.phase8_5_phase9_backend_test.TestProactiveEngineDecision" name="test_long_running_notifies_high" time="0.001" /><testcase classname="tests.phase8_5_phase9_backend_test.TestProactiveEngineDecision" name="test_not_stalled_ignores" time="0.001" /><testcase classname="tests.phase8_5_phase9_backend_test.TestProactiveEngineDecision" name="test_off_mode_stalled_ignores" time="0.001" /><testcase classname="tests.phase8_5_phase9_backend_test.TestNotificationPolicy" name="test_critical_breaks_dnd" time="0.001" /><testcase classname="tests.phase8_5_phase9_backend_test.TestNotificationPolicy" name="test_dnd_suppresses_normal" time="0.001" /><testcase classname="tests.phase8_5_phase9_backend_test.TestNotificationPolicy" name="test_normal_delivers_in_window" time="0.001" /><testcase classname="tests.phase8_5_phase9_backend_test.TestNotificationPolicy" name="test_out_of_window_suppress_low" time="0.001" /><testcase classname="tests.phase8_5_phase9_backend_test.TestNotificationPolicy" name="test_quiet_hours_allow_high" time="0.001" /><testcase classname="tests.phase8_5_phase9_backend_test.TestNotificationPolicy" name="test_quiet_hours_suppress_normal" time="0.001" /><testcase classname="tests.phase8_5_phase9_backend_test.TestNotificationPolicy" name="test_type_whitelist" time="0.001" /><testcase classname="tests.phase8_5_phase9_backend_test.TestCreateGoalViaGuard" name="test_enact_create_goal_calls_runtime_submit" time="0.001" /><testcase classname="tests.phase8_5_phase9_backend_test.TestCreateGoalViaGuard" name="test_notify_action_does_not_call_runtime" time="0.017" /><testcase classname="tests.phase8_5_phase9_backend_test.TestErrorOccurredProducer" name="test_goal_failed_emits_error_occurred" time="0.013" /><testcase classname="tests.phase8_5_phase9_backend_test.TestNoSecondSubsystem" name="test_config_no_second_system" time="0.003" /><testcase classname="tests.phase8_5_phase9_backend_test.TestNoSecondSubsystem" name="test_engine_no_second_system" time="0.001" /><testcase classname="tests.phase8_5_phase9_backend_test.TestNoSecondSubsystem" name="test_proactive_uses_single_eventbus" time="0.002" /><testcase classname="tests.phase9_order1_scheduler_test.TestScheduler" name="test_cancel_task" time="2.209" /><testcase classname="tests.phase9_order1_scheduler_test.TestScheduler" name="test_event_publishing" time="2.317" /><testcase classname="tests.phase9_order1_scheduler_test.TestScheduler" name="test_lifecycle_states" time="2.308" /><testcase classname="tests.phase9_order1_scheduler_test.TestScheduler" name="test_max_runs_limit" time="2.209" /><testcase classname="tests.phase9_order1_scheduler_test.TestScheduler" name="test_no_agent_runtime_direct_call" time="2.012" /><testcase classname="tests.phase9_order1_scheduler_test.TestScheduler" name="test_no_goal_direct_call" time="2.016" /><testcase classname="tests.phase9_order1_scheduler_test.TestScheduler" name="test_no_memory_direct_call" time="2.006" /><testcase classname="tests.phase9_order1_scheduler_test.TestScheduler" name="test_no_tool_execution" time="2.009" /><testcase classname="tests.phase9_order1_scheduler_test.TestScheduler" name="test_schedule_event" time="2.011" /><testcase classname="tests.phase9_order1_scheduler_test.TestScheduler" name="test_schedule_interval" time="2.416" /><testcase classname="tests.phase9_order1_scheduler_test.TestScheduler" name="test_schedule_once" time="2.304" /><testcase classname="tests.phase9_order1_scheduler_test.TestScheduler" name="test_single_runtime" time="4.118" /><testcase classname="tests.phase9_order1_scheduler_test.TestSchedulerIntegration" name="test_event_bus_integration" time="2.312" /><testcase classname="tests.phase9_order1_scheduler_test.TestSchedulerIntegration" name="test_no_second_execution_chain" time="2.316" /><testcase classname="tests.phase9_order1_scheduler_test.TestSchedulerIntegration" name="test_scheduler_does_not_affect_agent_runtime" time="2.316" /><testcase classname="tests.phasec_native_runtime.test.TestG1SkillClosedLoop" name="test_execute_skill_shape" time="0.127" /><testcase classname="tests.phasec_native_runtime.test.TestG1SkillClosedLoop" name="test_execute_skill_task_injection_fail_closed" time="0.128" /><testcase classname="tests.phasec_native_runtime.test.TestG1SkillClosedLoop" name="test_execute_skill_task_success" time="0.131" /><testcase classname="tests.phasec_native_runtime.test.TestG1SkillClosedLoop" name="test_execute_skill_task_unknown_fail_closed" time="0.165" /><testcase classname="tests.phasec_native_runtime.test.TestG1SkillClosedLoop" name="test_execute_tool_skill_routing" time="0.130" /><testcase classname="tests.phasec_native_runtime.test.TestG1SkillClosedLoop" name="test_execute_tool_unknown_skill_fail_closed" time="0.133" /><testcase classname="tests.phasec_native_runtime.test.TestG1SkillClosedLoop" name="test_no_second_skill_executor" time="0.125" /><testcase classname="tests.phasec_native_runtime.test.TestG2CallBudget" name="test_budget_exhaustion" time="0.120" /><testcase classname="tests.phasec_native_runtime.test.TestG2CallBudget" name="test_budget_unlimited" time="0.119" /><testcase classname="tests.phasec_native_runtime.test.TestG2CallBudget" name="test_budget_zero_means_unlimited" time="0.126" /><testcase classname="tests.phasec_native_runtime.test.TestG2CallBudget" name="test_run_goal_budget_exhausted" time="0.308" /><testcase classname="tests.phasec_native_runtime.test.TestG2CallBudget" name="test_run_goal_unlimited_completes" time="0.241" /><testcase classname="tests.phasec_native_runtime.test.TestG3DepthAndDelegation" name="test_delegation_gate_ok_then_closed" time="0.121" /><testcase classname="tests.phasec_native_runtime.test.TestG3DepthAndDelegation" name="test_delegation_single_source" time="0.124" /><testcase classname="tests.phasec_native_runtime.test.TestG3DepthAndDelegation" name="test_run_goal_depth_exceeded_fail_closed" time="0.145" /><testcase classname="tests.phasec_native_runtime.test.TestG3DepthAndDelegation" name="test_within_depth" time="0.175" /><testcase classname="tests.phasec_native_runtime.test.TestG4ErrorTaxonomy" name="test_classify_covers_all_taxonomy" time="0.120" /><testcase classname="tests.phasec_native_runtime.test.TestG4ErrorTaxonomy" name="test_classify_error_keywords" time="0.191" /><testcase classname="tests.phasec_native_runtime.test.TestG4ErrorTaxonomy" name="test_is_fatal_error" time="0.126" /><testcase classname="tests.phasec_native_runtime.test.TestG4ErrorTaxonomy" name="test_taxonomy_has_18_classes" time="0.119" /><testcase classname="tests.phasec_native_runtime.test.TestG5InjectionBoundary" name="test_injection_detected" time="0.119" /><testcase classname="tests.phasec_native_runtime.test.TestG5InjectionBoundary" name="test_mcp_result_injection_blocked" time="0.119" /><testcase classname="tests.phasec_native_runtime.test.TestG5InjectionBoundary" name="test_safe_text" time="0.117" /><testcase classname="tests.phasec_native_runtime.test.TestPriorRegression" name="test_dispatch_includes_skill_handles" time="0.126" /><testcase classname="tests.phasec_native_runtime.test.TestPriorRegression" name="test_four_state_terminal_vocabulary" time="0.167" /><testcase classname="tests.phasec_native_runtime.test.TestPriorRegression" name="test_gate_guard_passes" time="0.260"><failure message="AssertionError: 2 != 0 : GATE-GUARD 应全绿（EXIT=0）">E   AssertionError: 2 != 0 : GATE-GUARD 应全绿（EXIT=0）</failure></testcase><testcase classname="tests.phasec_native_runtime.test.TestPriorRegression" name="test_single_agent_runtime_class" time="0.120" /><testcase classname="tests.test_always_on" name="test_resource_monitor_overload" time="0.001" /><testcase classname="tests.test_always_on" name="test_resource_monitor_normal" time="0.001" /><testcase classname="tests.test_always_on" name="test_always_on_status_control" time="0.001" /><testcase classname="tests.test_always_on" name="test_is_overloaded_pure" time="0.001" /><testcase classname="tests.test_app_focus" name="test_app_focus" time="0.001" /><testcase classname="tests.test_app_focus" name="test_window_info" time="0.001" /><testcase classname="tests.test_calendar" name="test_calendar_read" time="0.002" /><testcase classname="tests.test_calendar" name="test_next_event" time="0.001" /><testcase classname="tests.test_clipboard" name="test_clipboard_monitor" time="0.001" /><testcase classname="tests.test_clipboard" name="test_clipboard_history" time="0.001" /><testcase classname="tests.test_context_dedup_scope" name="test_same_scope_duplicate_removed" time="0.001" /><testcase classname="tests.test_context_dedup_scope" name="test_same_scope_distinct_kept" time="0.001" /><testcase classname="tests.test_context_dedup_scope" name="test_no_scope_passthrough" time="0.001" /><testcase classname="tests.test_context_dedup_scope" name="test_disjoint_scopes_independent" time="0.001" /><testcase classname="tests.test_context_dedup_scope" name="test_order_preserved" time="0.001" /><testcase classname="tests.test_context_dedup_scope" name="test_three_memory_sources_overlap" time="0.001" /><testcase classname="tests.test_context_engine.TestFeatureFlag" name="test_feature_flag_default_on" time="0.001" /><testcase classname="tests.test_context_engine.TestContextModels" name="test_context_source_enum_values" time="0.001" /><testcase classname="tests.test_context_engine.TestContextModels" name="test_budget_tier_values" time="0.001" /><testcase classname="tests.test_context_engine.TestContextModels" name="test_context_item_creation" time="0.001" /><testcase classname="tests.test_context_engine.TestContextModels" name="test_context_item_default_values" time="0.001" /><testcase classname="tests.test_context_engine.TestContextModels" name="test_invalid_source_type_raises" time="0.001" /><testcase classname="tests.test_context_engine.TestContextModels" name="test_invalid_content_type_raises" time="0.001" /><testcase classname="tests.test_context_engine.TestContextModels" name="test_priority_out_of_range_raises" time="0.049" /><testcase classname="tests.test_context_engine.TestContextModels" name="test_negative_token_est_raises" time="0.001" /><testcase classname="tests.test_context_engine.TestContextModels" name="test_context_bundle_creation" time="0.001" /><testcase classname="tests.test_context_engine.TestContextModels" name="test_context_bundle_invalid_items_type_raises" time="0.001" /><testcase classname="tests.test_context_engine.TestLegacyContextBuilder" name="test_builder_runs_without_error" time="2.044" /><testcase classname="tests.test_context_engine.TestLegacyContextBuilder" name="test_legacy_fallback_delegates_memory_faithfully" time="0.001" /><testcase classname="tests.test_context_engine.TestLegacyContextBuilder" name="test_legacy_fallback_empty_user_text" time="0.001" /><testcase classname="tests.test_context_engine.TestLegacyContextBuilder" name="test_build_context_validation" time="0.001" /><testcase classname="tests.test_context_facade.TestFacadeRouting" name="test_flag_off_uses_legacy" time="0.001" /><testcase classname="tests.test_context_facade.TestFacadeRouting" name="test_flag_on_routes_to_builder" time="0.001" /><testcase classname="tests.test_context_facade.TestFacadeRouting" name="test_flag_on_builder_error_falls_back" time="0.001" /><testcase classname="tests.test_context_facade.TestFacadeRouting" name="test_default_empty_user_text" time="0.001" /><testcase classname="tests.test_context_facade.TestFacadeRouting" name="test_e2e_with_real_memory_module" time="0.068" /><testcase classname="tests.test_context_ranker_budget.TestContextRanker" name="test_empty_input_returns_empty" time="0.001" /><testcase classname="tests.test_context_ranker_budget.TestContextRanker" name="test_single_item_unchanged" time="0.001" /><testcase classname="tests.test_context_ranker_budget.TestContextRanker" name="test_multi_dimension_ordering" time="0.001" /><testcase classname="tests.test_context_ranker_budget.TestContextRanker" name="test_source_priority_dimension" time="0.001" /><testcase classname="tests.test_context_ranker_budget.TestContextRanker" name="test_stable_sort_preserves_insertion_order_on_tie" time="0.001" /><testcase classname="tests.test_context_ranker_budget.TestContextRanker" name="test_custom_weights_change_order" time="0.001" /><testcase classname="tests.test_context_ranker_budget.TestContextRanker" name="test_weights_are_exposed_and_copied" time="0.001" /><testcase classname="tests.test_context_ranker_budget.TestContextBudget" name="test_default_is_unlimited" time="0.001" /><testcase classname="tests.test_context_ranker_budget.TestContextBudget" name="test_unlimited_returns_copy_not_alias" time="0.001" /><testcase classname="tests.test_context_ranker_budget.TestContextBudget" name="test_numeric_budget_keeps_head_drops_tail" time="0.001" /><testcase classname="tests.test_context_ranker_budget.TestContextBudget" name="test_budget_preserves_order" time="0.001" /><testcase classname="tests.test_context_ranker_budget.TestContextBudget" name="test_tier_presets" time="0.001" /><testcase classname="tests.test_context_ranker_budget.TestContextBudget" name="test_tier_budget_drops_overflow" time="0.001" /><testcase classname="tests.test_context_ranker_budget.TestContextBudget" name="test_count_tokens_approximation" time="0.001" /><testcase classname="tests.test_context_ranker_budget.TestContextBudget" name="test_uses_token_est_when_provided" time="0.001" /><testcase classname="tests.test_context_ranker_budget.TestBuilderPipeline" name="test_default_unlimited_runs_real_pipeline" time="0.069" /><testcase classname="tests.test_context_ranker_budget.TestBuilderPipeline" name="test_finite_budget_drops_tail_in_ranked_order" time="0.001" /><testcase classname="tests.test_context_ranker_budget.TestBuilderPipeline" name="test_pipeline_metadata_records_stages" time="0.052" /><testcase classname="tests.test_context_ranker_budget.TestFeatureFlagNowOn" name="test_flag_default_on" time="0.001" /><testcase classname="tests.test_context_serializer_cache.TestSerializer" name="test_dict_roundtrip" time="0.001" /><testcase classname="tests.test_context_serializer_cache.TestSerializer" name="test_json_roundtrip" time="0.001" /><testcase classname="tests.test_context_serializer_cache.TestSerializer" name="test_json_ascii_option" time="0.001" /><testcase classname="tests.test_context_serializer_cache.TestSerializer" name="test_empty_items_roundtrip" time="0.001" /><testcase classname="tests.test_context_serializer_cache.TestSerializer" name="test_enum_values_used" time="0.001" /><testcase classname="tests.test_context_serializer_cache.TestContextCache" name="test_no_ttl_rejected" time="0.001" /><testcase classname="tests.test_context_serializer_cache.TestContextCache" name="test_set_get_hit" time="0.001" /><testcase classname="tests.test_context_serializer_cache.TestContextCache" name="test_expiry" time="0.122" /><testcase classname="tests.test_context_serializer_cache.TestContextCache" name="test_make_key_stable" time="0.001" /><testcase classname="tests.test_context_serializer_cache.TestContextCache" name="test_eviction_when_full" time="0.001" /><testcase classname="tests.test_context_serializer_cache.TestContextCache" name="test_prune_and_clear" time="0.121" /><testcase classname="tests.test_context_serializer_cache.TestContextCache" name="test_set_rejects_zero_ttl" time="0.001" /><testcase classname="tests.test_context_sources.TestSourceRegistry" name="test_register_returns_default_name_key" time="0.001" /><testcase classname="tests.test_context_sources.TestSourceRegistry" name="test_register_explicit_key" time="0.001" /><testcase classname="tests.test_context_sources.TestSourceRegistry" name="test_register_same_key_overrides" time="0.001" /><testcase classname="tests.test_context_sources.TestSourceRegistry" name="test_unregister_existing_and_missing" time="0.002" /><testcase classname="tests.test_context_sources.TestSourceRegistry" name="test_get_sources_preserves_registration_order" time="0.001" /><testcase classname="tests.test_context_sources.TestSourceStubsReturnEmpty" name="test_stub_collect_returns_empty[source0]" time="0.001" /><testcase classname="tests.test_context_sources.TestSourceStubsReturnEmpty" name="test_stub_collect_returns_empty[source1]" time="0.001" /><testcase classname="tests.test_context_sources.TestSourceStubsReturnEmpty" name="test_stub_collect_returns_empty[source2]" time="0.001" /><testcase classname="tests.test_context_sources.TestMemorySource" name="test_memory_source_returns_single_item" time="0.022" /><testcase classname="tests.test_context_sources.TestMemorySource" name="test_memory_source_imports_memory_lazily" time="0.001" /><testcase classname="tests.test_context_sources.TestBuilderRouting" name="test_builder_default_registry_unified_no_blob" time="0.001" /><testcase classname="tests.test_context_sources.TestBuilderRouting" name="test_builder_does_not_import_memory_at_module_load" time="0.001" /><testcase classname="tests.test_context_sources.TestBuilderRouting" name="test_builder_includes_memory_source" time="0.048" /><testcase classname="tests.test_context_sources.TestBuilderRouting" name="test_builder_aggregation_with_stub_sources" time="0.001" /><testcase classname="tests.test_context_sources.TestFeatureFlagNowOn" name="test_flag_default_on" time="0.001" /><testcase classname="tests.test_cross_device" name="test_session_relay" time="0.001" /><testcase classname="tests.test_cross_device" name="test_cross_device_status_empty" time="0.001" /><testcase classname="tests.test_cross_device" name="test_validate_handoff_rejects" time="0.001" /><testcase classname="tests.test_db" name="test_create_and_get_note" time="0.168" /><testcase classname="tests.test_db" name="test_search_notes" time="0.151" /><testcase classname="tests.test_db" name="test_search_short_query_fallback" time="0.149" /><testcase classname="tests.test_db" name="test_fts_fulltext_search" time="0.145" /><testcase classname="tests.test_db" name="test_fts_table_present_when_supported" time="0.174" /><testcase classname="tests.test_db" name="test_profile_tool_roundtrip" time="0.155" /><testcase classname="tests.test_db" name="test_reminder_tool" time="0.156" /><testcase classname="tests.test_db" name="test_note_list_empty" time="0.151" /><testcase classname="tests.test_db" name="test_parse_facts_text_variants" time="0.001" /><testcase classname="tests.test_db" name="test_parse_facts_text_empty_and_nonescape" time="0.001" /><testcase classname="tests.test_db" name="test_extract_profile_throttled_no_network" time="1.284" /><testcase classname="tests.test_db" name="test_resolve_reference_no_foci" time="0.001" /><testcase classname="tests.test_db" name="test_resolve_reference_replaces_top_focus" time="0.143" /><testcase classname="tests.test_db" name="test_capture_foci_urls_and_links" time="0.159" /><testcase classname="tests.test_db" name="test_set_and_list_task" time="0.143" /><testcase classname="tests.test_db" name="test_task_progress_and_complete" time="0.174" /><testcase classname="tests.test_db" name="test_recover_interrupted_running_task" time="0.178" /><testcase classname="tests.test_db" name="test_task_list_tool" time="0.145" /><testcase classname="tests.test_db" name="test_sandbox_path_confinement" time="0.005" /><testcase classname="tests.test_db" name="test_file_write_read_list" time="0.172" /><testcase classname="tests.test_db" name="test_protected_file_refused" time="0.144" /><testcase classname="tests.test_db" name="test_audit_redacts_secrets" time="0.147" /><testcase classname="tests.test_db" name="test_run_shell_echo" time="0.187" /><testcase classname="tests.test_db" name="test_run_shell_dangerous_blocked" time="0.144" /><testcase classname="tests.test_db" name="test_web_search_no_key" time="0.631" /><testcase classname="tests.test_db" name="test_web_fetch_bad_url" time="2.630" /><testcase classname="tests.test_external" name="test_status_default_all_disabled" time="0.320"><failure message="assert True is False">E   assert True is False</failure></testcase><testcase classname="tests.test_external" name="test_status_media_enabled_after_config" time="0.001" /><testcase classname="tests.test_external" name="test_status_social_enabled_after_config" time="0.001" /><testcase classname="tests.test_external" name="test_status_asr_enabled_after_config" time="0.003" /><testcase classname="tests.test_external" name="test_media_generate_disabled_without_key" time="0.122" /><testcase classname="tests.test_external" name="test_social_send_disabled_without_key" time="0.127" /><testcase classname="tests.test_external" name="test_asr_transcribe_disabled_without_key" time="0.192"><failure message="AssertionError: assert ('音频转码失败（ffmpeg 不可用或文件损坏）' is not None and '未启用' in '音频转码失败（ffmpeg 不可用或文件损坏）')">E   AssertionError: assert ('音频转码失败（ffmpeg 不可用或文件损坏）' is not None and '未启用' in '音频转码失败（ffmpeg 不可用或文件损坏）')</failure></testcase><testcase classname="tests.test_external" name="test_tool_media_generate_disabled" time="0.140" /><testcase classname="tests.test_external" name="test_tool_social_send_disabled" time="0.142" /><testcase classname="tests.test_external" name="test_tool_asr_transcribe_missing_file" time="0.140" /><testcase classname="tests.test_external" name="test_detect_intent_media_image" time="0.004" /><testcase classname="tests.test_external" name="test_detect_intent_social_discord" time="0.001" /><testcase classname="tests.test_external" name="test_detect_intent_asr" time="0.001" /><testcase classname="tests.test_external" name="test_new_tools_registered" time="0.001" /><testcase classname="tests.test_frontend_provider" name="test_J_post_allowlist_has_local_keys" time="0.002" /><testcase classname="tests.test_frontend_provider" name="test_K_get_config_exposes_resolved_fields" time="0.002" /><testcase classname="tests.test_frontend_provider" name="test_L_index_html_dom" time="0.002" /><testcase classname="tests.test_frontend_provider" name="test_M_env_key_mapping_matches_registry" time="0.001"><failure message="FileNotFoundError: [Errno 2] No such file or directory: 'G:\\xiao6\\xiao6-ui\\settings.js'">E   FileNotFoundError: [Errno 2] No such file or directory: 'G:\\xiao6\\xiao6-ui\\settings.js'</failure></testcase><testcase classname="tests.test_frontend_provider" name="test_N_writes_active_llm_only" time="0.001"><failure message="FileNotFoundError: [Errno 2] No such file or directory: 'G:\\xiao6\\xiao6-ui\\settings.js'">E   FileNotFoundError: [Errno 2] No such file or directory: 'G:\\xiao6\\xiao6-ui\\settings.js'</failure></testcase><testcase classname="tests.test_frontend_provider" name="test_O_probe_wiring" time="0.001"><failure message="FileNotFoundError: [Errno 2] No such file or directory: 'G:\\xiao6\\xiao6-ui\\settings.js'">E   FileNotFoundError: [Errno 2] No such file or directory: 'G:\\xiao6\\xiao6-ui\\settings.js'</failure></testcase><testcase classname="tests.test_frontend_provider" name="test_P_no_key_readback" time="0.001"><failure message="FileNotFoundError: [Errno 2] No such file or directory: 'G:\\xiao6\\xiao6-ui\\settings.js'">E   FileNotFoundError: [Errno 2] No such file or directory: 'G:\\xiao6\\xiao6-ui\\settings.js'</failure></testcase><testcase classname="tests.test_frontend_provider" name="test_Q_settings_js_syntax" time="0.080"><failure message="AssertionError: node --check settings.js 失败: node:internal/modules/cjs/loader:1386&#10;    throw err;&#10;    ^&#10;  &#10;  Error: Cannot find module 'G:\xiao6\xiao6-ui\settings.js'&#10;      at node:internal/modules/cjs/loader:1383:15&#10;      at node:internal/main/check_syntax:33:20 {&#10;    code: 'MODULE_NOT_FOUND',&#10;    requireStack: []&#10;  }&#10;  &#10;  Node.js v22.22.2&#10;  &#10;assert 1 == 0&#10; +  where 1 = CompletedProcess(args=['C:\\Users\\Administrator\\.workbuddy\\binaries\\node\\versions\\22.22.2\\node.EXE', '--check',... at node:internal/main/check_syntax:33:20 {\n  code: 'MODULE_NOT_FOUND',\n  requireStack: []\n}\n\nNode.js v22.22.2\n&quot;).returncode">E   AssertionError: node --check settings.js 失败: node:internal/modules/cjs/loader:1386
        throw err;
        ^
      
      Error: Cannot find module 'G:\xiao6\xiao6-ui\settings.js'
          at node:internal/modules/cjs/loader:1383:15
          at node:internal/main/check_syntax:33:20 {
        code: 'MODULE_NOT_FOUND',
        requireStack: []
      }
      
      Node.js v22.22.2
      
    assert 1 == 0
     +  where 1 = CompletedProcess(args=['C:\\Users\\Administrator\\.workbuddy\\binaries\\node\\versions\\22.22.2\\node.EXE', '--check',... at node:internal/main/check_syntax:33:20 {\n  code: 'MODULE_NOT_FOUND',\n  requireStack: []\n}\n\nNode.js v22.22.2\n").returncode</failure></testcase><testcase classname="tests.test_frontend_settings" name="test_index_html_has_new_toggles" time="0.001" /><testcase classname="tests.test_frontend_settings" name="test_index_html_includes_hud_context" time="0.001" /><testcase classname="tests.test_frontend_settings" name="test_settings_js_toggles_reference_features" time="0.001"><failure message="FileNotFoundError: [Errno 2] No such file or directory: 'G:\\xiao6\\xiao6-ui\\settings.js'">E   FileNotFoundError: [Errno 2] No such file or directory: 'G:\\xiao6\\xiao6-ui\\settings.js'</failure></testcase><testcase classname="tests.test_frontend_settings" name="test_hud_context_syntax" time="0.077"><failure message="AssertionError: node --check hud-context.js 失败: node:internal/modules/cjs/loader:1386&#10;    throw err;&#10;    ^&#10;  &#10;  Error: Cannot find module 'G:\xiao6\xiao6-ui\hud-context.js'&#10;      at node:internal/modules/cjs/loader:1383:15&#10;      at node:internal/main/check_syntax:33:20 {&#10;    code: 'MODULE_NOT_FOUND',&#10;    requireStack: []&#10;  }&#10;  &#10;  Node.js v22.22.2&#10;  &#10;assert 1 == 0&#10; +  where 1 = CompletedProcess(args=['C:\\Users\\Administrator\\.workbuddy\\binaries\\node\\versions\\22.22.2\\node.EXE', '--check',... at node:internal/main/check_syntax:33:20 {\n  code: 'MODULE_NOT_FOUND',\n  requireStack: []\n}\n\nNode.js v22.22.2\n&quot;).returncode">E   AssertionError: node --check hud-context.js 失败: node:internal/modules/cjs/loader:1386
        throw err;
        ^
      
      Error: Cannot find module 'G:\xiao6\xiao6-ui\hud-context.js'
          at node:internal/modules/cjs/loader:1383:15
          at node:internal/main/check_syntax:33:20 {
        code: 'MODULE_NOT_FOUND',
        requireStack: []
      }
      
      Node.js v22.22.2
      
    assert 1 == 0
     +  where 1 = CompletedProcess(args=['C:\\Users\\Administrator\\.workbuddy\\binaries\\node\\versions\\22.22.2\\node.EXE', '--check',... at node:internal/main/check_syntax:33:20 {\n  code: 'MODULE_NOT_FOUND',\n  requireStack: []\n}\n\nNode.js v22.22.2\n").returncode</failure></testcase><testcase classname="tests.test_frontend_settings" name="test_server_config_exposes_new_features" time="0.002" /><testcase classname="tests.test_frontend_settings" name="test_server_whitelist_allows_persona_distill" time="0.001" /><testcase classname="tests.test_goal_decision_engine" name="test_class_A_qa" time="0.001" /><testcase classname="tests.test_goal_decision_engine" name="test_class_B_oneshot" time="0.001" /><testcase classname="tests.test_goal_decision_engine" name="test_class_C_longtask" time="0.001" /><testcase classname="tests.test_goal_decision_engine" name="test_class_D_ambiguous" time="0.001" /><testcase classname="tests.test_goal_decision_engine" name="test_class_E_resume" time="0.001" /><testcase classname="tests.test_goal_decision_engine" name="test_100_qa_zero_goal" time="0.001" /><testcase classname="tests.test_goal_decision_engine" name="test_100_longtask_rate" time="0.002" /><testcase classname="tests.test_goal_decision_engine" name="test_no_direct_tool_execution" time="0.002" /><testcase classname="tests.test_goal_decision_engine" name="test_debounce_dedup" time="0.001" /><testcase classname="tests.test_goal_decision_engine" name="test_session_approved_per_goal_isolation" time="0.001" /><testcase classname="tests.test_goal_decision_engine" name="test_pre_approve_reduces_confirm" time="0.001" /><testcase classname="tests.test_goal_decision_engine" name="test_gde_crash_degrade" time="0.001" /><testcase classname="tests.test_goal_decision_engine" name="test_default_deny_without_goal_id" time="0.001" /><testcase classname="tests.test_goal_decision_engine" name="test_execute_task_retry" time="0.002" /><testcase classname="tests.test_goal_decision_engine" name="test_consecutive_failure_clear_queue" time="0.100" /><testcase classname="tests.test_goal_decision_engine" name="test_goal_completed_single_source" time="0.001" /><testcase classname="tests.test_goal_decision_engine" name="test_classify_error_network" time="0.001" /><testcase classname="tests.test_goal_decision_engine" name="test_classify_error_permission" time="0.001" /><testcase classname="tests.test_goal_decision_engine" name="test_classify_error_file" time="0.001" /><testcase classname="tests.test_goal_decision_engine" name="test_delegate_disabled" time="0.001" /><testcase classname="tests.test_goal_decision_engine" name="test_delegate_empty_task" time="0.001" /><testcase classname="tests.test_goal_decision_engine" name="test_low_risk_tool_auto_without_goal" time="0.001" /><testcase classname="tests.test_goal_decision_engine" name="test_high_risk_tool_confirm_without_goal" time="0.001" /><testcase classname="tests.test_goal_decision_engine" name="test_feature_runtime_enabled_by_default" time="0.001" /><testcase classname="tests.test_goal_decision_engine" name="test_agent_policy_default_auto" time="0.001" /><testcase classname="tests.test_goal_decision_engine" name="test_kws_wake_detection" time="0.003" /><testcase classname="tests.test_goal_decision_engine" name="test_kws_similarity" time="0.001" /><testcase classname="tests.test_goal_decision_engine" name="test_kws_auto_start" time="0.001" /><testcase classname="tests.test_goal_decision_engine" name="test_hud_state_events" time="0.001" /><testcase classname="tests.test_goal_decision_engine" name="test_glance_card_update" time="0.001" /><testcase classname="tests.test_goal_decision_engine" name="test_distill_habit" time="0.001" /><testcase classname="tests.test_goal_decision_engine" name="test_distill_preference" time="0.001" /><testcase classname="tests.test_goal_decision_engine" name="test_persona_consistency" time="0.001" /><testcase classname="tests.test_goal_decision_engine" name="test_important_date_reminder" time="0.001" /><testcase classname="tests.test_goal_decision_engine" name="test_distill_dedup" time="0.001" /><testcase classname="tests.test_goal_decision_engine" name="test_persona_render" time="0.001" /><testcase classname="tests.test_goal_decision_engine" name="test_conversation_memory" time="0.003" /><testcase classname="tests.test_hud_perf" name="test_hud_ring_js_syntax" time="0.080"><failure message="AssertionError: node --check hud-ring.js 失败: node:internal/modules/cjs/loader:1386&#10;    throw err;&#10;    ^&#10;  &#10;  Error: Cannot find module 'G:\xiao6\xiao6-ui\hud-ring.js'&#10;      at node:internal/modules/cjs/loader:1383:15&#10;      at node:internal/main/check_syntax:33:20 {&#10;    code: 'MODULE_NOT_FOUND',&#10;    requireStack: []&#10;  }&#10;  &#10;  Node.js v22.22.2&#10;  &#10;assert 1 == 0&#10; +  where 1 = CompletedProcess(args=['C:\\Users\\Administrator\\.workbuddy\\binaries\\node\\versions\\22.22.2\\node.EXE', '--check',... at node:internal/main/check_syntax:33:20 {\n  code: 'MODULE_NOT_FOUND',\n  requireStack: []\n}\n\nNode.js v22.22.2\n&quot;).returncode">E   AssertionError: node --check hud-ring.js 失败: node:internal/modules/cjs/loader:1386
        throw err;
        ^
      
      Error: Cannot find module 'G:\xiao6\xiao6-ui\hud-ring.js'
          at node:internal/modules/cjs/loader:1383:15
          at node:internal/main/check_syntax:33:20 {
        code: 'MODULE_NOT_FOUND',
        requireStack: []
      }
      
      Node.js v22.22.2
      
    assert 1 == 0
     +  where 1 = CompletedProcess(args=['C:\\Users\\Administrator\\.workbuddy\\binaries\\node\\versions\\22.22.2\\node.EXE', '--check',... at node:internal/main/check_syntax:33:20 {\n  code: 'MODULE_NOT_FOUND',\n  requireStack: []\n}\n\nNode.js v22.22.2\n").returncode</failure></testcase><testcase classname="tests.test_hud_perf" name="test_hud_ring_secondary_stop_tier" time="0.001"><failure message="FileNotFoundError: [Errno 2] No such file or directory: 'G:\\xiao6\\xiao6-ui\\hud-ring.js'">E   FileNotFoundError: [Errno 2] No such file or directory: 'G:\\xiao6\\xiao6-ui\\hud-ring.js'</failure></testcase><testcase classname="tests.test_kws_frontend" name="test_kws_js_syntax" time="0.083"><failure message="AssertionError: node --check kws.js 失败: node:internal/modules/cjs/loader:1386&#10;    throw err;&#10;    ^&#10;  &#10;  Error: Cannot find module 'G:\xiao6\xiao6-ui\kws.js'&#10;      at node:internal/modules/cjs/loader:1383:15&#10;      at node:internal/main/check_syntax:33:20 {&#10;    code: 'MODULE_NOT_FOUND',&#10;    requireStack: []&#10;  }&#10;  &#10;  Node.js v22.22.2&#10;  &#10;assert 1 == 0&#10; +  where 1 = CompletedProcess(args=['C:\\Users\\Administrator\\.workbuddy\\binaries\\node\\versions\\22.22.2\\node.EXE', '--check',... at node:internal/main/check_syntax:33:20 {\n  code: 'MODULE_NOT_FOUND',\n  requireStack: []\n}\n\nNode.js v22.22.2\n&quot;).returncode">E   AssertionError: node --check kws.js 失败: node:internal/modules/cjs/loader:1386
        throw err;
        ^
      
      Error: Cannot find module 'G:\xiao6\xiao6-ui\kws.js'
          at node:internal/modules/cjs/loader:1383:15
          at node:internal/main/check_syntax:33:20 {
        code: 'MODULE_NOT_FOUND',
        requireStack: []
      }
      
      Node.js v22.22.2
      
    assert 1 == 0
     +  where 1 = CompletedProcess(args=['C:\\Users\\Administrator\\.workbuddy\\binaries\\node\\versions\\22.22.2\\node.EXE', '--check',... at node:internal/main/check_syntax:33:20 {\n  code: 'MODULE_NOT_FOUND',\n  requireStack: []\n}\n\nNode.js v22.22.2\n").returncode</failure></testcase><testcase classname="tests.test_kws_frontend" name="test_kws_js_pause_tier" time="0.001"><failure message="FileNotFoundError: [Errno 2] No such file or directory: 'G:\\xiao6\\xiao6-ui\\kws.js'">E   FileNotFoundError: [Errno 2] No such file or directory: 'G:\\xiao6\\xiao6-ui\\kws.js'</failure></testcase><testcase classname="tests.test_kws_optimized" name="test_substring_hit" time="0.001" /><testcase classname="tests.test_kws_optimized" name="test_xiaozhou_hit" time="0.001" /><testcase classname="tests.test_kws_optimized" name="test_contains_wakeword" time="0.001" /><testcase classname="tests.test_kws_optimized" name="test_repeat_substring" time="0.001" /><testcase classname="tests.test_kws_optimized" name="test_irrelevant_false" time="0.001" /><testcase classname="tests.test_kws_optimized" name="test_scattered_false" time="0.001" /><testcase classname="tests.test_kws_optimized" name="test_zhuangzi_false" time="0.001" /><testcase classname="tests.test_kws_optimized" name="test_single_char_off_false" time="0.001" /><testcase classname="tests.test_kws_optimized" name="test_tunable_low_sensitivity" time="0.001" /><testcase classname="tests.test_memory" name="test_import_and_graph" time="0.177" /><testcase classname="tests.test_memory" name="test_import_idempotent" time="0.226" /><testcase classname="tests.test_mobile" name="test_mobile_briefing" time="0.001" /><testcase classname="tests.test_mobile" name="test_mobile_briefing_empty" time="0.001" /><testcase classname="tests.test_mobile" name="test_device_sync_publishes" time="0.001" /><testcase classname="tests.test_mobile" name="test_mobile_frontend_files_exist" time="0.001"><failure message="AssertionError: 缺少前端文件 mobile-app.html&#10;assert False&#10; +  where False = &lt;built-in function _path_isfile&gt;('G:\\xiao6\\xiao6-ui\\mobile-app.html')&#10; +    where &lt;built-in function _path_isfile&gt; = &lt;module 'ntpath' (frozen)&gt;.isfile&#10; +      where &lt;module 'ntpath' (frozen)&gt; = os.path&#10; +    and   'G:\\xiao6\\xiao6-ui\\mobile-app.html' = &lt;function join at 0x00000244BCED39C0&gt;('G:\\xiao6\\xiao6-ui', 'mobile-app.html')&#10; +      where &lt;function join at 0x00000244BCED39C0&gt; = &lt;module 'ntpath' (frozen)&gt;.join&#10; +        where &lt;module 'ntpath' (frozen)&gt; = os.path">E   AssertionError: 缺少前端文件 mobile-app.html
    assert False
     +  where False = &lt;built-in function _path_isfile&gt;('G:\\xiao6\\xiao6-ui\\mobile-app.html')
     +    where &lt;built-in function _path_isfile&gt; = &lt;module 'ntpath' (frozen)&gt;.isfile
     +      where &lt;module 'ntpath' (frozen)&gt; = os.path
     +    and   'G:\\xiao6\\xiao6-ui\\mobile-app.html' = &lt;function join at 0x00000244BCED39C0&gt;('G:\\xiao6\\xiao6-ui', 'mobile-app.html')
     +      where &lt;function join at 0x00000244BCED39C0&gt; = &lt;module 'ntpath' (frozen)&gt;.join
     +        where &lt;module 'ntpath' (frozen)&gt; = os.path</failure></testcase><testcase classname="tests.test_mobile" name="test_mobile_html_wiring" time="0.001"><failure message="FileNotFoundError: [Errno 2] No such file or directory: 'G:\\xiao6\\xiao6-ui\\mobile-app.html'">E   FileNotFoundError: [Errno 2] No such file or directory: 'G:\\xiao6\\xiao6-ui\\mobile-app.html'</failure></testcase><testcase classname="tests.test_mobile" name="test_mobile_js_endpoints" time="0.001"><failure message="FileNotFoundError: [Errno 2] No such file or directory: 'G:\\xiao6\\xiao6-ui\\mobile-app.js'">E   FileNotFoundError: [Errno 2] No such file or directory: 'G:\\xiao6\\xiao6-ui\\mobile-app.js'</failure></testcase><testcase classname="tests.test_mobile" name="test_mobile_manifest_valid" time="0.001" /><testcase classname="tests.test_mobile" name="test_mobile_sw_valid" time="0.001"><failure message="FileNotFoundError: [Errno 2] No such file or directory: 'G:\\xiao6\\xiao6-ui\\sw.js'">E   FileNotFoundError: [Errno 2] No such file or directory: 'G:\\xiao6\\xiao6-ui\\sw.js'</failure></testcase><testcase classname="tests.test_mobile" name="test_mobile_js_syntax" time="0.082"><failure message="AssertionError: node --check 失败: node:internal/modules/cjs/loader:1386&#10;    throw err;&#10;    ^&#10;  &#10;  Error: Cannot find module 'G:\xiao6\xiao6-ui\mobile-app.js'&#10;      at node:internal/modules/cjs/loader:1383:15&#10;      at node:internal/main/check_syntax:33:20 {&#10;    code: 'MODULE_NOT_FOUND',&#10;    requireStack: []&#10;  }&#10;  &#10;  Node.js v22.22.2&#10;  &#10;assert 1 == 0&#10; +  where 1 = CompletedProcess(args=['C:\\Users\\Administrator\\.workbuddy\\binaries\\node\\versions\\22.22.2\\node.EXE', '--check',... at node:internal/main/check_syntax:33:20 {\n  code: 'MODULE_NOT_FOUND',\n  requireStack: []\n}\n\nNode.js v22.22.2\n&quot;).returncode">E   AssertionError: node --check 失败: node:internal/modules/cjs/loader:1386
        throw err;
        ^
      
      Error: Cannot find module 'G:\xiao6\xiao6-ui\mobile-app.js'
          at node:internal/modules/cjs/loader:1383:15
          at node:internal/main/check_syntax:33:20 {
        code: 'MODULE_NOT_FOUND',
        requireStack: []
      }
      
      Node.js v22.22.2
      
    assert 1 == 0
     +  where 1 = CompletedProcess(args=['C:\\Users\\Administrator\\.workbuddy\\binaries\\node\\versions\\22.22.2\\node.EXE', '--check',... at node:internal/main/check_syntax:33:20 {\n  code: 'MODULE_NOT_FOUND',\n  requireStack: []\n}\n\nNode.js v22.22.2\n").returncode</failure></testcase><testcase classname="tests.test_p1_runtime_e2e" name="test_simple_chat_does_not_force_goal" time="0.003" /><testcase classname="tests.test_p1_runtime_e2e" name="test_low_risk_capability_execution" time="0.001" /><testcase classname="tests.test_p1_runtime_e2e" name="test_high_risk_capability_denied_and_executor_not_called" time="0.001" /><testcase classname="tests.test_p1_runtime_e2e" name="test_mcp_capability_routing" time="0.005" /><testcase classname="tests.test_p1_runtime_e2e" name="test_skill_capability_routing" time="0.004" /><testcase classname="tests.test_p1_runtime_e2e" name="test_computer_action_capability_gated_by_permission" time="0.001" /><testcase classname="tests.test_p1_runtime_e2e" name="test_complex_path_goal_to_execution" time="0.002" /><testcase classname="tests.test_p1_runtime_e2e" name="test_failure_recovery_retry" time="0.303" /><testcase classname="tests.test_p1_runtime_e2e" name="test_execution_result_into_memory" time="1.838" /><testcase classname="tests.test_p1_runtime_e2e" name="test_security_default_deny_no_bypass" time="0.002" /><testcase classname="tests.test_p2_real_chat_runtime" name="test_01_plain_chat_no_tool_execution" time="0.001" /><testcase classname="tests.test_p2_real_chat_runtime" name="test_02_simple_capability_via_runtime" time="0.010" /><testcase classname="tests.test_p2_real_chat_runtime" name="test_03_tool_capability_through_unified_runtime" time="0.005" /><testcase classname="tests.test_p2_real_chat_runtime" name="test_04_permission_layer_is_entered" time="0.006" /><testcase classname="tests.test_p2_real_chat_runtime" name="test_05_approval_mechanism_required_and_fail_safe" time="0.002" /><testcase classname="tests.test_p2_real_chat_runtime" name="test_06_high_critical_blocked_before_executor" time="0.004" /><testcase classname="tests.test_p2_real_chat_runtime" name="test_07_mcp_capability_via_unified_runtime" time="0.008" /><testcase classname="tests.test_p2_real_chat_runtime" name="test_08_memory_capability_via_unified_runtime" time="0.005" /><testcase classname="tests.test_p2_real_chat_runtime" name="test_09_execution_failure_real_result" time="0.005" /><testcase classname="tests.test_p2_real_chat_runtime" name="test_10_retry_no_duplicate_on_success" time="0.001" /><testcase classname="tests.test_p2_real_chat_runtime" name="test_11_policy_deny_no_tool_execution" time="0.004" /><testcase classname="tests.test_p2_real_chat_runtime" name="test_12_approved_executes_exactly_once" time="0.002" /><testcase classname="tests.test_p3_idempotency" name="test_normal_execution_runs_exactly_once" time="0.122" /><testcase classname="tests.test_p3_idempotency" name="test_policy_block_never_reaches_executor" time="0.122" /><testcase classname="tests.test_p3_idempotency" name="test_done_task_excluded_from_resume" time="0.159" /><testcase classname="tests.test_p3_idempotency" name="test_unknown_result_classified_non_retryable" time="0.121" /><testcase classname="tests.test_p3_idempotency" name="test_confirm_tool_executes_single_path" time="0.421" /><testcase classname="tests.test_p3_idempotency" name="test_no_framework_level_dedup_ledger" time="0.125" /><testcase classname="tests.test_p3_recovery" name="test_recover_running_task_to_open" time="0.182" /><testcase classname="tests.test_p3_recovery" name="test_no_auto_execution_on_restart" time="0.169" /><testcase classname="tests.test_p3_recovery" name="test_resume_after_recovery_executes_once" time="0.167" /><testcase classname="tests.test_p3_recovery" name="test_idempotent_recovery_is_safe_for_side_effect" time="0.163" /><testcase classname="tests.test_p3_soak" name="test_deterministic_soak_no_duplicate_or_drift" time="0.520" /><testcase classname="tests.test_p3_soak" name="test_soak_failure_and_policy_deny_no_corruption" time="0.122" /><testcase classname="tests.test_p3_soak" name="test_soak_restart_mid_run_no_auto_execution" time="0.217" /><testcase classname="tests.test_p3_task_lifecycle" name="test_create_task_is_open" time="0.142" /><testcase classname="tests.test_p3_task_lifecycle" name="test_start_running_transition" time="0.155" /><testcase classname="tests.test_p3_task_lifecycle" name="test_paused_is_waiting_state" time="0.168" /><testcase classname="tests.test_p3_task_lifecycle" name="test_complete_sets_done" time="0.168" /><testcase classname="tests.test_p3_task_lifecycle" name="test_fail_sets_failed" time="0.169" /><testcase classname="tests.test_p3_task_lifecycle" name="test_abort_maps_to_failed_terminal" time="0.170" /><testcase classname="tests.test_p3_task_lifecycle" name="test_retry_classification_is_real" time="0.123" /><testcase classname="tests.test_p3_task_lifecycle" name="test_runtime_executes_task_via_unified_runtime" time="0.122" /><testcase classname="tests.test_p3_task_lifecycle" name="test_max_retries_limit_exists" time="0.120" /><testcase classname="tests.test_p3_task_lifecycle" name="test_no_duplicate_infra_task_states" time="0.150" /><testcase classname="tests.test_p4_context_budget" name="test_budget_tiers_truncate[BudgetTier.T16K-16]" time="0.001" /><testcase classname="tests.test_p4_context_budget" name="test_budget_tiers_truncate[BudgetTier.T32K-32]" time="0.001" /><testcase classname="tests.test_p4_context_budget" name="test_budget_tiers_truncate[BudgetTier.T64K-65]" time="0.001" /><testcase classname="tests.test_p4_context_budget" name="test_budget_tiers_truncate[BudgetTier.T96K-98]" time="0.001" /><testcase classname="tests.test_p4_context_budget" name="test_unlimited_budget_keeps_all" time="0.001" /><testcase classname="tests.test_p4_context_budget" name="test_budget_preserves_rank_order" time="0.002" /><testcase classname="tests.test_p4_context_budget" name="test_budget_keeps_top_ranked_when_truncated" time="0.002" /><testcase classname="tests.test_p4_context_budget" name="test_dedup_then_budget" time="0.002" /><testcase classname="tests.test_p4_context_contract" name="test_facade_unique_entry_returns_str" time="1.835" /><testcase classname="tests.test_p4_context_contract" name="test_blob_memory_source_not_in_production_registry" time="0.001" /><testcase classname="tests.test_p4_context_contract" name="test_memory_recall_uses_canonical_retrieval" time="0.001" /><testcase classname="tests.test_p4_context_contract" name="test_runtime_state_source_contract" time="0.147" /><testcase classname="tests.test_p4_context_contract" name="test_core_prompt_source_contract" time="0.001" /><testcase classname="tests.test_p4_context_contract" name="test_all_registered_sources_emit_contextitem_with_dedup_scope" time="0.056" /><testcase classname="tests.test_p4_context_contract" name="test_context_built_event_published" time="0.048" /><testcase classname="tests.test_p4_context_contract" name="test_no_capability_runtime_import" time="0.015" /><testcase classname="tests.test_p4_context_contract" name="test_source_failure_isolation" time="0.001" /><testcase classname="tests.test_p4_context_contract" name="test_legacy_fallback_uses_build_system_prompt" time="0.001" /><testcase classname="tests.test_p4_context_dedup" name="test_dedup_removes_duplicate_same_scope" time="0.001" /><testcase classname="tests.test_p4_context_dedup" name="test_dedup_keeps_different_content_same_scope" time="0.001" /><testcase classname="tests.test_p4_context_dedup" name="test_dedup_keeps_items_without_scope" time="0.001" /><testcase classname="tests.test_p4_context_dedup" name="test_cross_source_different_scope_kept" time="0.001" /><testcase classname="tests.test_p4_context_dedup" name="test_dedup_stable_order" time="0.001" /><testcase classname="tests.test_p4_context_dedup" name="test_multi_memory_sources_same_scope_dedup" time="0.001" /><testcase classname="tests.test_p4_memory_contract" name="test_create_and_get" time="0.746" /><testcase classname="tests.test_p4_memory_contract" name="test_update" time="0.163" /><testcase classname="tests.test_p4_memory_contract" name="test_archive_restore" time="0.185" /><testcase classname="tests.test_p4_memory_contract" name="test_dedup_idempotent" time="0.158" /><testcase classname="tests.test_p4_memory_contract" name="test_idempotency_same_mem_id_twice" time="0.168" /><testcase classname="tests.test_p4_memory_contract" name="test_upsert_mem_id_conflicting_content" time="0.173" /><testcase classname="tests.test_p4_memory_contract" name="test_archive_then_recreate_idempotent" time="0.176" /><testcase classname="tests.test_p4_memory_contract" name="test_content_hash_normalization" time="0.156" /><testcase classname="tests.test_p4_memory_contract" name="test_provenance_confidence_source" time="0.176" /><testcase classname="tests.test_p4_memory_contract" name="test_event_after_persistence" time="0.155" /><testcase classname="tests.test_p4_memory_contract" name="test_event_on_archive" time="0.160" /><testcase classname="tests.test_p4_memory_contract" name="test_legacy_adapter_distiller_routes_canonical" time="0.122" /><testcase classname="tests.test_p4_memory_contract" name="test_distiller_correction_writes_real_columns" time="0.155" /><testcase classname="tests.test_p4_memory_contract" name="test_legacy_adapter_import_routes_canonical" time="0.172" /><testcase classname="tests.test_p4_memory_contract" name="test_legacy_adapter_person_routes_canonical" time="0.159" /><testcase classname="tests.test_p4_memory_contract" name="test_no_direct_insert_in_distiller" time="0.002" /><testcase classname="tests.test_p4_memory_contract" name="test_db_writers_route_canonical" time="0.002" /><testcase classname="tests.test_p4_memory_contract" name="test_legacy_caller_archive_routes_canonical" time="0.160" /><testcase classname="tests.test_p4_memory_contract" name="test_read_adapters" time="0.151" /><testcase classname="tests.test_p4_memory_contract" name="test_existing_migration_idempotent" time="0.284" /><testcase classname="tests.test_p4_memory_governance" name="test_consolidation_routes_canonical" time="0.250" /><testcase classname="tests.test_p4_memory_governance" name="test_consolidation_dedup_reuses" time="0.256" /><testcase classname="tests.test_p4_memory_governance" name="test_governance_set_memory_truth_routes_canonical" time="0.163" /><testcase classname="tests.test_p4_memory_governance" name="test_governance_verify_and_tag_deprecated" time="0.161" /><testcase classname="tests.test_p4_memory_governance" name="test_source_ref_cleanup_tombstone" time="0.200" /><testcase classname="tests.test_p4_memory_governance" name="test_repeated_import_idempotent" time="0.240" /><testcase classname="tests.test_p4_memory_governance" name="test_retrieval_canonical" time="0.752" /><testcase classname="tests.test_p4_memory_governance" name="test_retrieval_dedup" time="0.212" /><testcase classname="tests.test_p4_memory_governance" name="test_retrieval_ranking" time="0.162" /><testcase classname="tests.test_p4_memory_governance" name="test_memory_retrieved_event" time="0.146" /><testcase classname="tests.test_p4_memory_governance" name="test_memory_consolidated_event" time="0.236" /><testcase classname="tests.test_p4_memory_governance" name="test_lifecycle_decay_routes_canonical" time="0.355" /><testcase classname="tests.test_p4_memory_governance" name="test_lifecycle_archive_routes_canonical" time="0.194" /><testcase classname="tests.test_p4_memory_governance" name="test_failed_persistence_no_false_event" time="0.148" /><testcase classname="tests.test_p4_memory_governance" name="test_no_production_bypass" time="5.051" /><testcase classname="tests.test_p4_memory_governance" name="test_no_capability_runtime_import" time="0.046" /><testcase classname="tests.test_p4_memory_governance" name="test_ui_zero_change" time="0.001" /><testcase classname="tests.test_p5_1_cognitive_context" name="test_no_second_context_builder" time="0.001" /><testcase classname="tests.test_p5_1_cognitive_context" name="test_context_is_read_only_layer" time="0.001" /><testcase classname="tests.test_p5_1_cognitive_context" name="test_build_cognitive_context_reuses_engine_and_returns_str" time="0.105" /><testcase classname="tests.test_p5_1_cognitive_context" name="test_agent_runtime_uses_facade_when_flag_on" time="0.007" /><testcase classname="tests.test_p5_1_cognitive_context" name="test_consecutive_failure_threshold_clears_queue" time="0.163" /><testcase classname="tests.test_p5_1_cognitive_context" name="test_success_resets_consecutive_failure" time="0.066" /><testcase classname="tests.test_p5_2_memory_adapter" name="test_memory_adapter_uses_canonical_api" time="0.230" /><testcase classname="tests.test_p5_2_memory_adapter" name="test_cognitive_has_no_direct_db_write" time="0.009" /><testcase classname="tests.test_p5_2_memory_adapter" name="test_agent_runtime_has_no_direct_conversation_memory_write" time="0.004" /><testcase classname="tests.test_p5_2_memory_adapter" name="test_user_model_write_routes_through_adapter" time="2.419" /><testcase classname="tests.test_p5_2_memory_adapter" name="test_episode_write_routes_through_adapter" time="0.140" /><testcase classname="tests.test_p5_2_memory_adapter" name="test_source_ref_is_stable" time="0.941" /><testcase classname="tests.test_p5_2_memory_adapter" name="test_idempotent_memory_write" time="0.282" /><testcase classname="tests.test_p5_2_memory_adapter" name="test_canonical_memory_is_authoritative" time="0.172" /><testcase classname="tests.test_p5_2_memory_adapter" name="test_conversation_memory_routes_canonical" time="0.938" /><testcase classname="tests.test_p5_2_memory_adapter" name="test_memory_reverse_dependency_removed" time="0.173" /><testcase classname="tests.test_p5_2_memory_adapter" name="test_feature_flag_can_disable_canonical_path" time="0.150" /><testcase classname="tests.test_p5_2_memory_adapter" name="test_no_second_memory_system" time="0.002" /><testcase classname="tests.test_p5_2_memory_adapter" name="test_memory_adapter_is_thin" time="0.002" /><testcase classname="tests.test_p5_2_memory_adapter" name="test_canonical_failure_does_not_silently_fallback" time="0.159" /><testcase classname="tests.test_p5_3_decision_approval" name="test_cognitive_has_no_execution_imports" time="0.004" /><testcase classname="tests.test_p5_3_decision_approval" name="test_no_second_policy_approval_executor_modules" time="0.036" /><testcase classname="tests.test_p5_3_decision_approval" name="test_only_one_capability_approval_free_function" time="0.205" /><testcase classname="tests.test_p5_3_decision_approval" name="test_capability_runtime_converges_to_single_execution" time="0.001" /><testcase classname="tests.test_p5_3_decision_approval" name="test_decision_single_executor_entry" time="0.001" /><testcase classname="tests.test_p5_3_decision_approval" name="test_context_does_not_execute_capability" time="0.001" /><testcase classname="tests.test_p5_3_decision_approval" name="test_policy_approval_capability_boundary" time="0.001" /><testcase classname="tests.test_p5_3_decision_approval" name="test_policy_has_no_reverse_runtime_cognitive_dependency" time="0.002" /><testcase classname="tests.test_p5_3_decision_approval" name="test_single_executor_enforces_policy_gate" time="0.001" /><testcase classname="tests.test_p5_3_decision_approval" name="test_decision_confirm_routes_through_approval" time="0.001" /><testcase classname="tests.test_p5_3_decision_approval" name="test_auto_approve_does_not_bypass_confirm" time="0.001" /><testcase classname="tests.test_p5_3_decision_approval" name="test_p51_p52_modules_load" time="0.001" /><testcase classname="tests.test_p5_3_decision_approval" name="test_security_boundary_tests_collectable" time="0.001" /><testcase classname="tests.test_p5_4_lifecycle" name="test_goal_lifecycle_single_owner" time="2.573" /><testcase classname="tests.test_p5_4_lifecycle" name="test_task_lifecycle_single_owner" time="1.001" /><testcase classname="tests.test_p5_4_lifecycle" name="test_failure_enters_evaluation" time="0.256" /><testcase classname="tests.test_p5_4_lifecycle" name="test_cancellation_not_success" time="0.001" /><testcase classname="tests.test_p5_4_lifecycle" name="test_replan_single_owner" time="0.488" /><testcase classname="tests.test_p5_4_lifecycle" name="test_recovery_single_entry" time="0.973" /><testcase classname="tests.test_p5_4_lifecycle" name="test_cognitive_layer_cannot_execute" time="0.005" /><testcase classname="tests.test_p5_4_lifecycle" name="test_event_layer_cannot_execute" time="0.002" /><testcase classname="tests.test_p5_4_lifecycle" name="test_consecutive_failure_protection_intact" time="0.176" /><testcase classname="tests.test_p5_4_lifecycle" name="test_queue_clear_only_affects_pending" time="0.170" /><testcase classname="tests.test_perf" name="test_calendar_cache_within_ttl" time="0.001" /><testcase classname="tests.test_perf" name="test_app_focus_cache_within_ttl" time="0.001" /><testcase classname="tests.test_perf" name="test_clipboard_default_cap_20" time="0.001" /><testcase classname="tests.test_perf" name="test_agent_runtime_max_distill_constant" time="0.001" /><testcase classname="tests.test_perf" name="test_agent_runtime_distill_caps_messages" time="0.001" /><testcase classname="tests.test_provider_platform" name="test_A_registry_integrity" time="0.001" /><testcase classname="tests.test_provider_platform" name="test_B_normalize_aliases" time="0.002" /><testcase classname="tests.test_provider_platform" name="test_C_agnes_cloud" time="0.001" /><testcase classname="tests.test_provider_platform" name="test_D_llm2_inherits" time="0.001" /><testcase classname="tests.test_provider_platform" name="test_E_local_fallback" time="0.001" /><testcase classname="tests.test_provider_platform" name="test_F_provider_creds_compat" time="0.001" /><testcase classname="tests.test_provider_platform" name="test_G_agnes_completion_equivalence" time="0.001" /><testcase classname="tests.test_provider_platform" name="test_H_privacy_no_key" time="0.001" /><testcase classname="tests.test_provider_platform" name="test_I_probe_whitelist_and_call_sites" time="2.491" /><testcase classname="tests.test_pure" name="test_calc_basic_precedence" time="0.001" /><testcase classname="tests.test_pure" name="test_calc_power_and_mod" time="0.001" /><testcase classname="tests.test_pure" name="test_calc_rejects_injection" time="0.001" /><testcase classname="tests.test_pure" name="test_calc_rejects_names_and_calls" time="0.001" /><testcase classname="tests.test_pure" name="test_detect_intent_profile_set" time="0.001" /><testcase classname="tests.test_pure" name="test_detect_intent_profile_get" time="0.001" /><testcase classname="tests.test_pure" name="test_detect_intent_time" time="0.001" /><testcase classname="tests.test_pure" name="test_detect_intent_none" time="0.001" /><testcase classname="tests.test_pure" name="test_parse_md_links_dedup" time="0.001" /><testcase classname="tests.test_pure" name="test_parse_md_tags" time="0.001" /><testcase classname="tests.test_pure" name="test_parse_reminder_time_immediate" time="0.001" /><testcase classname="tests.test_pure" name="test_clean_reminder_text" time="0.001" /><testcase classname="tests.test_pure" name="test_fmt_heat" time="0.001" /><testcase classname="tests.test_pure" name="test_select_tools_by_intent" time="0.001" /><testcase classname="tests.test_pure" name="test_select_tools_free_chat_uses_full_set" time="0.001" /><testcase classname="tests.test_skills" name="test_scheduler_skill" time="0.008" /><testcase classname="tests.test_skills" name="test_diary_skill" time="0.005" /><testcase classname="tests.test_skills" name="test_family_skill" time="0.004" /><testcase classname="tests.test_skills" name="test_file_organize_skill" time="0.007" /><testcase classname="tests.test_skills" name="test_skills_total_ge_16" time="0.003" /><testcase classname="tests.test_skills" name="test_weather_reminder_skill" time="0.005" /><testcase classname="tests.test_skills" name="test_meeting_prep_skill" time="0.008" /><testcase classname="tests.test_skills" name="test_sleep_reminder_skill" time="0.005" /></testsuite></testsuites>